<?xml version="1.0" encoding="utf-8"?><testsuites name="pytest tests"><testsuite name="pytest" errors="0" failures="0" skipped="0" tests="13" time="1.937" timestamp="2026-03-18T12:57:13.488801+00:00" hostname="agent-env-0dee8a73-005f-4e33-b629-a5f7d6266659"><testcase classname="backend.tests.test_madio_api.TestProductsAPI" name="test_get_all_products" time="0.274" /><testcase classname="backend.tests.test_madio_api.TestProductsAPI" name="test_products_have_required_fields" time="0.192" /><testcase classname="backend.tests.test_madio_api.TestProductsAPI" name="test_filter_by_sliding_category" time="0.107" /><testcase classname="backend.tests.test_madio_api.TestProductsAPI" name="test_filter_by_casement_category" time="0.142" /><testcase classname="backend.tests.test_madio_api.TestProductsAPI" name="test_filter_by_partition_category" time="0.152" /><testcase classname="backend.tests.test_madio_api.TestProductsAPI" name="test_filter_by_hardware_category" time="0.136" /><testcase classname="backend.tests.test_madio_api.TestProductsAPI" name="test_get_single_product" time="0.142" /><testcase classname="backend.tests.test_madio_api.TestProductsAPI" name="test_get_invalid_product_returns_404" time="0.102" /><testcase classname="backend.tests.test_madio_api.TestProductsAPI" name="test_no_nhpc_branding_in_products" time="0.115" /><testcase classname="backend.tests.test_madio_api.TestContactAPI" name="test_submit_contact_form" time="0.108" /><testcase classname="backend.tests.test_madio_api.TestContactAPI" name="test_contact_form_required_fields" time="0.106" /><testcase classname="backend.tests.test_madio_api.TestContactAPI" name="test_contact_form_optional_phone" time="0.120" /><testcase classname="backend.tests.test_madio_api.TestAPIRoot" name="test_api_root" time="0.131" /></testsuite></testsuites>