<?xml version="1.0" encoding="utf-8"?><testsuites name="pytest tests"><testsuite name="pytest" errors="0" failures="0" skipped="0" tests="13" time="1.786" timestamp="2026-04-21T16:22:00.027157+00:00" hostname="agent-env-96ebe65b-9d76-462f-9399-395539e9441b"><testcase classname="backend.tests.test_madio_api.TestProductsAPI" name="test_get_all_products" time="0.182" /><testcase classname="backend.tests.test_madio_api.TestProductsAPI" name="test_products_have_required_fields" time="0.118" /><testcase classname="backend.tests.test_madio_api.TestProductsAPI" name="test_filter_by_sliding_category" time="0.157" /><testcase classname="backend.tests.test_madio_api.TestProductsAPI" name="test_filter_by_casement_category" time="0.147" /><testcase classname="backend.tests.test_madio_api.TestProductsAPI" name="test_filter_by_partition_category" time="0.120" /><testcase classname="backend.tests.test_madio_api.TestProductsAPI" name="test_filter_by_hardware_category" time="0.123" /><testcase classname="backend.tests.test_madio_api.TestProductsAPI" name="test_get_single_product" time="0.135" /><testcase classname="backend.tests.test_madio_api.TestProductsAPI" name="test_get_invalid_product_returns_404" time="0.153" /><testcase classname="backend.tests.test_madio_api.TestProductsAPI" name="test_no_nhpc_branding_in_products" time="0.111" /><testcase classname="backend.tests.test_madio_api.TestContactAPI" name="test_submit_contact_form" time="0.131" /><testcase classname="backend.tests.test_madio_api.TestContactAPI" name="test_contact_form_required_fields" time="0.110" /><testcase classname="backend.tests.test_madio_api.TestContactAPI" name="test_contact_form_optional_phone" time="0.107" /><testcase classname="backend.tests.test_madio_api.TestAPIRoot" name="test_api_root" time="0.123" /></testsuite></testsuites>